TN:
SF:D:\Project\app\components\loader\index.js
FN:2,_getRequireWildcardCache
FN:2,_getRequireWildcardCache
FN:2,_interopRequireWildcard
FN:2,_extends
FN:2,(anonymous_4)
FN:2,_classCallCheck
FN:2,_defineProperties
FN:2,_createClass
FN:2,_possibleConstructorReturn
FN:2,_assertThisInitialized
FN:2,_getPrototypeOf
FN:2,_getPrototypeOf
FN:2,_inherits
FN:2,_setPrototypeOf
FN:2,_setPrototypeOf
FN:4,(anonymous_15)
FN:4,Loader
FN:7,(anonymous_17)
FN:11,render
FNF:19
FNH:0
FNDA:0,_getRequireWildcardCache
FNDA:0,_getRequireWildcardCache
FNDA:0,_interopRequireWildcard
FNDA:0,_extends
FNDA:0,(anonymous_4)
FNDA:0,_classCallCheck
FNDA:0,_defineProperties
FNDA:0,_createClass
FNDA:0,_possibleConstructorReturn
FNDA:0,_assertThisInitialized
FNDA:0,_getPrototypeOf
FNDA:0,_getPrototypeOf
FNDA:0,_inherits
FNDA:0,_setPrototypeOf
FNDA:0,_setPrototypeOf
FNDA:0,(anonymous_15)
FNDA:0,Loader
FNDA:0,(anonymous_17)
FNDA:0,render
DA:1,0
DA:2,0
DA:4,0
DA:5,0
DA:8,0
DA:11,0
DA:14,0
DA:36,0
LF:8
LH:0
BRDA:2,0,0,0
BRDA:2,0,1,0
BRDA:2,1,0,0
BRDA:2,1,1,0
BRDA:2,2,0,0
BRDA:2,2,1,0
BRDA:2,3,0,0
BRDA:2,3,1,0
BRDA:2,4,0,0
BRDA:2,4,1,0
BRDA:2,4,2,0
BRDA:2,5,0,0
BRDA:2,5,1,0
BRDA:2,6,0,0
BRDA:2,6,1,0
BRDA:2,7,0,0
BRDA:2,7,1,0
BRDA:2,8,0,0
BRDA:2,8,1,0
BRDA:2,9,0,0
BRDA:2,9,1,0
BRDA:2,10,0,0
BRDA:2,10,1,0
BRDA:2,11,0,0
BRDA:2,11,1,0
BRDA:2,11,2,0
BRDA:2,12,0,0
BRDA:2,12,1,0
BRDA:2,13,0,0
BRDA:2,13,1,0
BRDA:2,14,0,0
BRDA:2,14,1,0
BRDA:2,15,0,0
BRDA:2,15,1,0
BRDA:2,16,0,0
BRDA:2,16,1,0
BRDA:2,17,0,0
BRDA:2,17,1,0
BRDA:2,18,0,0
BRDA:2,18,1,0
BRDA:2,19,0,0
BRDA:2,19,1,0
BRDA:2,20,0,0
BRDA:2,20,1,0
BRDA:2,21,0,0
BRDA:2,21,1,0
BRDA:2,21,2,0
BRDA:2,22,0,0
BRDA:2,22,1,0
BRDA:2,23,0,0
BRDA:2,23,1,0
BRDA:2,24,0,0
BRDA:2,24,1,0
BRDA:2,25,0,0
BRDA:2,25,1,0
BRDA:2,26,0,0
BRDA:2,26,1,0
BRDA:2,27,0,0
BRDA:2,27,1,0
BRDA:2,28,0,0
BRDA:2,28,1,0
BRDA:2,29,0,0
BRDA:2,29,1,0
BRF:63
BRH:0
end_of_record
TN:
SF:D:\Project\app\components\loader\loader.test.js
FNF:0
FNH:0
LF:0
LH:0
BRF:0
BRH:0
end_of_record
TN:
SF:D:\Project\app\components\loader\styles.js
FNF:0
FNH:0
LF:0
LH:0
BRF:0
BRH:0
end_of_record
TN:
SF:D:\Project\app\services\constants\index.js
FNF:0
FNH:0
DA:1,5
DA:4,5
LF:2
LH:2
BRF:0
BRH:0
end_of_record
TN:
SF:D:\Project\app\views\appFlow\mainScreen\mainScreen.js
FN:4,_interopRequireDefault
FN:4,_getRequireWildcardCache
FN:4,_getRequireWildcardCache
FN:4,_interopRequireWildcard
FN:4,_classCallCheck
FN:4,_defineProperties
FN:4,_createClass
FN:4,_possibleConstructorReturn
FN:4,_assertThisInitialized
FN:4,_getPrototypeOf
FN:4,_getPrototypeOf
FN:4,_inherits
FN:4,_setPrototypeOf
FN:4,_setPrototypeOf
FN:6,(anonymous_14)
FN:6,RegisterScreen2
FN:8,(anonymous_16)
FN:11,render
FNF:18
FNH:0
FNDA:0,_interopRequireDefault
FNDA:0,_getRequireWildcardCache
FNDA:0,_getRequireWildcardCache
FNDA:0,_interopRequireWildcard
FNDA:0,_classCallCheck
FNDA:0,_defineProperties
FNDA:0,_createClass
FNDA:0,_possibleConstructorReturn
FNDA:0,_assertThisInitialized
FNDA:0,_getPrototypeOf
FNDA:0,_getPrototypeOf
FNDA:0,_inherits
FNDA:0,_setPrototypeOf
FNDA:0,_setPrototypeOf
FNDA:0,(anonymous_14)
FNDA:0,RegisterScreen2
FNDA:0,(anonymous_16)
FNDA:0,render
DA:1,0
DA:2,0
DA:3,0
DA:4,0
DA:6,0
DA:9,0
DA:10,0
DA:11,0
DA:14,0
DA:27,0
LF:10
LH:0
BRDA:4,0,0,0
BRDA:4,0,1,0
BRDA:4,1,0,0
BRDA:4,1,1,0
BRDA:4,2,0,0
BRDA:4,2,1,0
BRDA:4,3,0,0
BRDA:4,3,1,0
BRDA:4,4,0,0
BRDA:4,4,1,0
BRDA:4,5,0,0
BRDA:4,5,1,0
BRDA:4,6,0,0
BRDA:4,6,1,0
BRDA:4,6,2,0
BRDA:4,7,0,0
BRDA:4,7,1,0
BRDA:4,8,0,0
BRDA:4,8,1,0
BRDA:4,9,0,0
BRDA:4,9,1,0
BRDA:4,10,0,0
BRDA:4,10,1,0
BRDA:4,11,0,0
BRDA:4,11,1,0
BRDA:4,12,0,0
BRDA:4,12,1,0
BRDA:4,13,0,0
BRDA:4,13,1,0
BRDA:4,13,2,0
BRDA:4,14,0,0
BRDA:4,14,1,0
BRDA:4,15,0,0
BRDA:4,15,1,0
BRDA:4,16,0,0
BRDA:4,16,1,0
BRDA:4,17,0,0
BRDA:4,17,1,0
BRDA:4,18,0,0
BRDA:4,18,1,0
BRDA:4,19,0,0
BRDA:4,19,1,0
BRDA:4,20,0,0
BRDA:4,20,1,0
BRDA:4,21,0,0
BRDA:4,21,1,0
BRDA:4,21,2,0
BRDA:4,22,0,0
BRDA:4,22,1,0
BRDA:4,23,0,0
BRDA:4,23,1,0
BRDA:4,24,0,0
BRDA:4,24,1,0
BRDA:4,25,0,0
BRDA:4,25,1,0
BRDA:4,26,0,0
BRDA:4,26,1,0
BRDA:4,27,0,0
BRDA:4,27,1,0
BRDA:4,28,0,0
BRDA:4,28,1,0
BRDA:4,29,0,0
BRDA:4,29,1,0
BRF:63
BRH:0
end_of_record
TN:
SF:D:\Project\app\views\appFlow\mainScreen\mainScreen.test.js
FNF:0
FNH:0
LF:0
LH:0
BRF:0
BRH:0
end_of_record
TN:
SF:D:\Project\app\views\appFlow\mainScreen\styles.js
FNF:0
FNH:0
DA:1,0
DA:2,0
DA:5,0
DA:79,0
LF:4
LH:0
BRF:0
BRH:0
end_of_record
TN:
SF:D:\Project\app\views\authenticationFlow\registrationScreen\registrationScreen.js
FN:5,_interopRequireDefault
FN:5,_getRequireWildcardCache
FN:5,_getRequireWildcardCache
FN:5,_interopRequireWildcard
FN:5,_classCallCheck
FN:5,_defineProperties
FN:5,_createClass
FN:5,_possibleConstructorReturn
FN:5,_assertThisInitialized
FN:5,_getPrototypeOf
FN:5,_getPrototypeOf
FN:5,_inherits
FN:5,_setPrototypeOf
FN:5,_setPrototypeOf
FN:8,(anonymous_14)
FN:9,RegistrationScreen
FN:13,(anonymous_16)
FN:18,_callee
FN:18,_callee$
FN:21,render
FNF:20
FNH:0
FNDA:0,_interopRequireDefault
FNDA:0,_getRequireWildcardCache
FNDA:0,_getRequireWildcardCache
FNDA:0,_interopRequireWildcard
FNDA:0,_classCallCheck
FNDA:0,_defineProperties
FNDA:0,_createClass
FNDA:0,_possibleConstructorReturn
FNDA:0,_assertThisInitialized
FNDA:0,_getPrototypeOf
FNDA:0,_getPrototypeOf
FNDA:0,_inherits
FNDA:0,_setPrototypeOf
FNDA:0,_setPrototypeOf
FNDA:0,(anonymous_14)
FNDA:0,RegistrationScreen
FNDA:0,(anonymous_16)
FNDA:0,_callee
FNDA:0,_callee$
FNDA:0,render
DA:1,0
DA:2,0
DA:3,0
DA:4,0
DA:5,0
DA:8,0
DA:9,0
DA:10,0
DA:14,0
DA:15,0
DA:16,0
DA:18,0
DA:19,0
DA:21,0
DA:25,0
DA:33,0
DA:36,0
LF:17
LH:0
BRDA:5,0,0,0
BRDA:5,0,1,0
BRDA:5,1,0,0
BRDA:5,1,1,0
BRDA:5,2,0,0
BRDA:5,2,1,0
BRDA:5,3,0,0
BRDA:5,3,1,0
BRDA:5,4,0,0
BRDA:5,4,1,0
BRDA:5,5,0,0
BRDA:5,5,1,0
BRDA:5,6,0,0
BRDA:5,6,1,0
BRDA:5,6,2,0
BRDA:5,7,0,0
BRDA:5,7,1,0
BRDA:5,8,0,0
BRDA:5,8,1,0
BRDA:5,9,0,0
BRDA:5,9,1,0
BRDA:5,10,0,0
BRDA:5,10,1,0
BRDA:5,11,0,0
BRDA:5,11,1,0
BRDA:5,12,0,0
BRDA:5,12,1,0
BRDA:5,13,0,0
BRDA:5,13,1,0
BRDA:5,13,2,0
BRDA:5,14,0,0
BRDA:5,14,1,0
BRDA:5,15,0,0
BRDA:5,15,1,0
BRDA:5,16,0,0
BRDA:5,16,1,0
BRDA:5,17,0,0
BRDA:5,17,1,0
BRDA:5,18,0,0
BRDA:5,18,1,0
BRDA:5,19,0,0
BRDA:5,19,1,0
BRDA:5,20,0,0
BRDA:5,20,1,0
BRDA:5,21,0,0
BRDA:5,21,1,0
BRDA:5,21,2,0
BRDA:5,22,0,0
BRDA:5,22,1,0
BRDA:5,23,0,0
BRDA:5,23,1,0
BRDA:5,24,0,0
BRDA:5,24,1,0
BRDA:5,25,0,0
BRDA:5,25,1,0
BRDA:5,26,0,0
BRDA:5,26,1,0
BRDA:5,27,0,0
BRDA:5,27,1,0
BRDA:5,28,0,0
BRDA:5,28,1,0
BRDA:5,29,0,0
BRDA:5,29,1,0
BRDA:18,30,0,0
BRDA:18,30,1,0
BRDA:18,30,2,0
BRDA:18,30,3,0
BRF:67
BRH:0
end_of_record
TN:
SF:D:\Project\app\views\authenticationFlow\registrationScreen\styles.js
FNF:0
FNH:0
DA:1,0
DA:2,0
DA:4,0
DA:78,0
LF:4
LH:0
BRF:0
BRH:0
end_of_record
TN:
SF:D:\Project\app\views\authenticationFlow\registrationScreen\registerScreen1\registerScreen.js
FN:5,_interopRequireDefault
FN:5,_getRequireWildcardCache
FN:5,_getRequireWildcardCache
FN:5,_interopRequireWildcard
FN:5,_classCallCheck
FN:5,_defineProperties
FN:5,_createClass
FN:5,_possibleConstructorReturn
FN:5,_assertThisInitialized
FN:5,_getPrototypeOf
FN:5,_getPrototypeOf
FN:5,_inherits
FN:5,_setPrototypeOf
FN:5,_setPrototypeOf
FN:7,(anonymous_14)
FN:8,RegistrationScreen1
FN:12,(anonymous_16)
FN:15,render
FNF:18
FNH:14
FNDA:2,_interopRequireDefault
FNDA:1,_getRequireWildcardCache
FNDA:0,_getRequireWildcardCache
FNDA:1,_interopRequireWildcard
FNDA:1,_classCallCheck
FNDA:1,_defineProperties
FNDA:1,_createClass
FNDA:1,_possibleConstructorReturn
FNDA:1,_assertThisInitialized
FNDA:1,_getPrototypeOf
FNDA:0,_getPrototypeOf
FNDA:1,_inherits
FNDA:1,_setPrototypeOf
FNDA:0,_setPrototypeOf
FNDA:1,(anonymous_14)
FNDA:1,RegistrationScreen1
FNDA:0,(anonymous_16)
FNDA:1,render
DA:1,1
DA:2,1
DA:3,1
DA:4,1
DA:5,30
DA:7,1
DA:8,1
DA:9,1
DA:13,0
DA:14,0
DA:15,1
DA:18,1
DA:34,1
DA:37,1
LF:14
LH:12
BRDA:5,0,0,2
BRDA:5,0,1,0
BRDA:5,1,0,2
BRDA:5,1,1,2
BRDA:5,2,0,0
BRDA:5,2,1,1
BRDA:5,3,0,0
BRDA:5,3,1,1
BRDA:5,4,0,1
BRDA:5,4,1,1
BRDA:5,5,0,0
BRDA:5,5,1,1
BRDA:5,6,0,1
BRDA:5,6,1,1
BRDA:5,6,2,0
BRDA:5,7,0,0
BRDA:5,7,1,1
BRDA:5,8,0,1
BRDA:5,8,1,1
BRDA:5,9,0,1
BRDA:5,9,1,1
BRDA:5,10,0,30
BRDA:5,10,1,0
BRDA:5,11,0,30
BRDA:5,11,1,0
BRDA:5,12,0,0
BRDA:5,12,1,30
BRDA:5,13,0,30
BRDA:5,13,1,30
BRDA:5,13,2,30
BRDA:5,14,0,1
BRDA:5,14,1,0
BRDA:5,15,0,0
BRDA:5,15,1,1
BRDA:5,16,0,1
BRDA:5,16,1,1
BRDA:5,17,0,1
BRDA:5,17,1,0
BRDA:5,18,0,1
BRDA:5,18,1,0
BRDA:5,19,0,0
BRDA:5,19,1,1
BRDA:5,20,0,0
BRDA:5,20,1,1
BRDA:5,21,0,1
BRDA:5,21,1,0
BRDA:5,21,2,0
BRDA:5,22,0,0
BRDA:5,22,1,1
BRDA:5,23,0,1
BRDA:5,23,1,0
BRDA:5,24,0,0
BRDA:5,24,1,0
BRDA:5,25,0,0
BRDA:5,25,1,1
BRDA:5,26,0,1
BRDA:5,26,1,0
BRDA:5,27,0,1
BRDA:5,27,1,1
BRDA:5,28,0,1
BRDA:5,28,1,0
BRDA:5,29,0,1
BRDA:5,29,1,0
BRF:63
BRH:38
end_of_record
TN:
SF:D:\Project\app\views\authenticationFlow\registrationScreen\registerScreen1\styles.js
FNF:0
FNH:0
DA:1,1
DA:2,1
DA:5,1
DA:79,1
LF:4
LH:4
BRF:0
BRH:0
end_of_record
TN:
SF:D:\Project\app\views\authenticationFlow\registrationScreen\registerScreen2\registerScreen2.js
FN:4,_interopRequireDefault
FN:4,_getRequireWildcardCache
FN:4,_getRequireWildcardCache
FN:4,_interopRequireWildcard
FN:4,_classCallCheck
FN:4,_defineProperties
FN:4,_createClass
FN:4,_possibleConstructorReturn
FN:4,_assertThisInitialized
FN:4,_getPrototypeOf
FN:4,_getPrototypeOf
FN:4,_inherits
FN:4,_setPrototypeOf
FN:4,_setPrototypeOf
FN:6,(anonymous_14)
FN:6,RegisterScreen2
FN:8,(anonymous_16)
FN:11,render
FNF:18
FNH:14
FNDA:1,_interopRequireDefault
FNDA:1,_getRequireWildcardCache
FNDA:0,_getRequireWildcardCache
FNDA:1,_interopRequireWildcard
FNDA:1,_classCallCheck
FNDA:1,_defineProperties
FNDA:1,_createClass
FNDA:1,_possibleConstructorReturn
FNDA:1,_assertThisInitialized
FNDA:1,_getPrototypeOf
FNDA:0,_getPrototypeOf
FNDA:1,_inherits
FNDA:1,_setPrototypeOf
FNDA:0,_setPrototypeOf
FNDA:1,(anonymous_14)
FNDA:1,RegisterScreen2
FNDA:0,(anonymous_16)
FNDA:1,render
DA:1,1
DA:2,1
DA:3,1
DA:4,30
DA:6,3
DA:9,0
DA:10,0
DA:11,1
DA:14,1
DA:27,1
LF:10
LH:8
BRDA:4,0,0,1
BRDA:4,0,1,0
BRDA:4,1,0,1
BRDA:4,1,1,1
BRDA:4,2,0,0
BRDA:4,2,1,1
BRDA:4,3,0,0
BRDA:4,3,1,1
BRDA:4,4,0,1
BRDA:4,4,1,1
BRDA:4,5,0,0
BRDA:4,5,1,1
BRDA:4,6,0,1
BRDA:4,6,1,1
BRDA:4,6,2,0
BRDA:4,7,0,0
BRDA:4,7,1,1
BRDA:4,8,0,1
BRDA:4,8,1,1
BRDA:4,9,0,1
BRDA:4,9,1,1
BRDA:4,10,0,30
BRDA:4,10,1,0
BRDA:4,11,0,30
BRDA:4,11,1,0
BRDA:4,12,0,0
BRDA:4,12,1,30
BRDA:4,13,0,30
BRDA:4,13,1,30
BRDA:4,13,2,30
BRDA:4,14,0,1
BRDA:4,14,1,0
BRDA:4,15,0,0
BRDA:4,15,1,1
BRDA:4,16,0,1
BRDA:4,16,1,1
BRDA:4,17,0,1
BRDA:4,17,1,0
BRDA:4,18,0,1
BRDA:4,18,1,0
BRDA:4,19,0,0
BRDA:4,19,1,1
BRDA:4,20,0,0
BRDA:4,20,1,1
BRDA:4,21,0,1
BRDA:4,21,1,0
BRDA:4,21,2,0
BRDA:4,22,0,0
BRDA:4,22,1,1
BRDA:4,23,0,1
BRDA:4,23,1,0
BRDA:4,24,0,0
BRDA:4,24,1,0
BRDA:4,25,0,0
BRDA:4,25,1,1
BRDA:4,26,0,1
BRDA:4,26,1,0
BRDA:4,27,0,1
BRDA:4,27,1,1
BRDA:4,28,0,1
BRDA:4,28,1,0
BRDA:4,29,0,1
BRDA:4,29,1,0
BRF:63
BRH:38
end_of_record
TN:
SF:D:\Project\app\views\authenticationFlow\registrationScreen\registerScreen2\styles.js
FNF:0
FNH:0
DA:1,1
DA:2,1
DA:5,1
DA:79,1
LF:4
LH:4
BRF:0
BRH:0
end_of_record
TN:
SF:D:\Project\app\views\authenticationFlow\registrationScreen\registerScreen3\registerScreen3.js
FN:4,_interopRequireDefault
FN:4,_getRequireWildcardCache
FN:4,_getRequireWildcardCache
FN:4,_interopRequireWildcard
FN:4,_classCallCheck
FN:4,_defineProperties
FN:4,_createClass
FN:4,_possibleConstructorReturn
FN:4,_assertThisInitialized
FN:4,_getPrototypeOf
FN:4,_getPrototypeOf
FN:4,_inherits
FN:4,_setPrototypeOf
FN:4,_setPrototypeOf
FN:6,(anonymous_14)
FN:6,RegisterScreen3
FN:8,(anonymous_16)
FN:11,render
FNF:18
FNH:14
FNDA:1,_interopRequireDefault
FNDA:1,_getRequireWildcardCache
FNDA:0,_getRequireWildcardCache
FNDA:1,_interopRequireWildcard
FNDA:1,_classCallCheck
FNDA:1,_defineProperties
FNDA:1,_createClass
FNDA:1,_possibleConstructorReturn
FNDA:1,_assertThisInitialized
FNDA:1,_getPrototypeOf
FNDA:0,_getPrototypeOf
FNDA:1,_inherits
FNDA:1,_setPrototypeOf
FNDA:0,_setPrototypeOf
FNDA:1,(anonymous_14)
FNDA:1,RegisterScreen3
FNDA:0,(anonymous_16)
FNDA:1,render
DA:1,1
DA:2,1
DA:3,1
DA:4,30
DA:6,3
DA:9,0
DA:10,0
DA:11,1
DA:14,1
DA:27,1
LF:10
LH:8
BRDA:4,0,0,1
BRDA:4,0,1,0
BRDA:4,1,0,1
BRDA:4,1,1,1
BRDA:4,2,0,0
BRDA:4,2,1,1
BRDA:4,3,0,0
BRDA:4,3,1,1
BRDA:4,4,0,1
BRDA:4,4,1,1
BRDA:4,5,0,0
BRDA:4,5,1,1
BRDA:4,6,0,1
BRDA:4,6,1,1
BRDA:4,6,2,0
BRDA:4,7,0,0
BRDA:4,7,1,1
BRDA:4,8,0,1
BRDA:4,8,1,1
BRDA:4,9,0,1
BRDA:4,9,1,1
BRDA:4,10,0,30
BRDA:4,10,1,0
BRDA:4,11,0,30
BRDA:4,11,1,0
BRDA:4,12,0,0
BRDA:4,12,1,30
BRDA:4,13,0,30
BRDA:4,13,1,30
BRDA:4,13,2,30
BRDA:4,14,0,1
BRDA:4,14,1,0
BRDA:4,15,0,0
BRDA:4,15,1,1
BRDA:4,16,0,1
BRDA:4,16,1,1
BRDA:4,17,0,1
BRDA:4,17,1,0
BRDA:4,18,0,1
BRDA:4,18,1,0
BRDA:4,19,0,0
BRDA:4,19,1,1
BRDA:4,20,0,0
BRDA:4,20,1,1
BRDA:4,21,0,1
BRDA:4,21,1,0
BRDA:4,21,2,0
BRDA:4,22,0,0
BRDA:4,22,1,1
BRDA:4,23,0,1
BRDA:4,23,1,0
BRDA:4,24,0,0
BRDA:4,24,1,0
BRDA:4,25,0,0
BRDA:4,25,1,1
BRDA:4,26,0,1
BRDA:4,26,1,0
BRDA:4,27,0,1
BRDA:4,27,1,1
BRDA:4,28,0,1
BRDA:4,28,1,0
BRDA:4,29,0,1
BRDA:4,29,1,0
BRF:63
BRH:38
end_of_record
TN:
SF:D:\Project\app\views\authenticationFlow\registrationScreen\registerScreen3\styles.js
FNF:0
FNH:0
DA:1,1
DA:2,1
DA:5,1
DA:79,1
LF:4
LH:4
BRF:0
BRH:0
end_of_record
TN:
SF:D:\Project\app\views\authenticationFlow\registrationScreen\registerScreen4\registerScreen4.js
FN:5,_interopRequireDefault
FN:5,_getRequireWildcardCache
FN:5,_getRequireWildcardCache
FN:5,_interopRequireWildcard
FN:5,_classCallCheck
FN:5,_defineProperties
FN:5,_createClass
FN:5,_possibleConstructorReturn
FN:5,_assertThisInitialized
FN:5,_getPrototypeOf
FN:5,_getPrototypeOf
FN:5,_inherits
FN:5,_setPrototypeOf
FN:5,_setPrototypeOf
FN:7,(anonymous_14)
FN:7,RegisterScreen4
FN:9,(anonymous_16)
FN:13,render
FNF:18
FNH:14
FNDA:2,_interopRequireDefault
FNDA:1,_getRequireWildcardCache
FNDA:0,_getRequireWildcardCache
FNDA:1,_interopRequireWildcard
FNDA:1,_classCallCheck
FNDA:1,_defineProperties
FNDA:1,_createClass
FNDA:1,_possibleConstructorReturn
FNDA:1,_assertThisInitialized
FNDA:1,_getPrototypeOf
FNDA:0,_getPrototypeOf
FNDA:1,_inherits
FNDA:1,_setPrototypeOf
FNDA:0,_setPrototypeOf
FNDA:1,(anonymous_14)
FNDA:1,RegisterScreen4
FNDA:0,(anonymous_16)
FNDA:1,render
DA:1,1
DA:2,1
DA:3,1
DA:4,1
DA:5,30
DA:7,3
DA:10,0
DA:11,0
DA:13,1
DA:15,1
DA:31,1
LF:11
LH:9
BRDA:5,0,0,2
BRDA:5,0,1,0
BRDA:5,1,0,2
BRDA:5,1,1,2
BRDA:5,2,0,0
BRDA:5,2,1,1
BRDA:5,3,0,0
BRDA:5,3,1,1
BRDA:5,4,0,1
BRDA:5,4,1,1
BRDA:5,5,0,0
BRDA:5,5,1,1
BRDA:5,6,0,1
BRDA:5,6,1,1
BRDA:5,6,2,0
BRDA:5,7,0,0
BRDA:5,7,1,1
BRDA:5,8,0,1
BRDA:5,8,1,1
BRDA:5,9,0,1
BRDA:5,9,1,1
BRDA:5,10,0,30
BRDA:5,10,1,0
BRDA:5,11,0,30
BRDA:5,11,1,0
BRDA:5,12,0,0
BRDA:5,12,1,30
BRDA:5,13,0,30
BRDA:5,13,1,30
BRDA:5,13,2,30
BRDA:5,14,0,1
BRDA:5,14,1,0
BRDA:5,15,0,0
BRDA:5,15,1,1
BRDA:5,16,0,1
BRDA:5,16,1,1
BRDA:5,17,0,1
BRDA:5,17,1,0
BRDA:5,18,0,1
BRDA:5,18,1,0
BRDA:5,19,0,0
BRDA:5,19,1,1
BRDA:5,20,0,0
BRDA:5,20,1,1
BRDA:5,21,0,1
BRDA:5,21,1,0
BRDA:5,21,2,0
BRDA:5,22,0,0
BRDA:5,22,1,1
BRDA:5,23,0,1
BRDA:5,23,1,0
BRDA:5,24,0,0
BRDA:5,24,1,0
BRDA:5,25,0,0
BRDA:5,25,1,1
BRDA:5,26,0,1
BRDA:5,26,1,0
BRDA:5,27,0,1
BRDA:5,27,1,1
BRDA:5,28,0,1
BRDA:5,28,1,0
BRDA:5,29,0,1
BRDA:5,29,1,0
BRF:63
BRH:38
end_of_record
TN:
SF:D:\Project\app\views\authenticationFlow\registrationScreen\registerScreen4\styles.js
FNF:0
FNH:0
DA:1,1
DA:2,1
DA:5,1
DA:79,1
LF:4
LH:4
BRF:0
BRH:0
end_of_record
TN:
SF:D:\Project\app\views\authenticationFlow\registrationScreen\registerScreen5\registerScreen5.js
FN:2,_getRequireWildcardCache
FN:2,_getRequireWildcardCache
FN:2,_interopRequireWildcard
FN:2,_classCallCheck
FN:2,_defineProperties
FN:2,_createClass
FN:2,_possibleConstructorReturn
FN:2,_assertThisInitialized
FN:2,_getPrototypeOf
FN:2,_getPrototypeOf
FN:2,_inherits
FN:2,_setPrototypeOf
FN:2,_setPrototypeOf
FN:4,(anonymous_13)
FN:4,RegisterScreen5
FN:4,render
FN:10,onPress
FNF:17
FNH:13
FNDA:1,_getRequireWildcardCache
FNDA:0,_getRequireWildcardCache
FNDA:1,_interopRequireWildcard
FNDA:1,_classCallCheck
FNDA:1,_defineProperties
FNDA:1,_createClass
FNDA:1,_possibleConstructorReturn
FNDA:1,_assertThisInitialized
FNDA:1,_getPrototypeOf
FNDA:0,_getPrototypeOf
FNDA:1,_inherits
FNDA:1,_setPrototypeOf
FNDA:0,_setPrototypeOf
FNDA:1,(anonymous_13)
FNDA:1,RegisterScreen5
FNDA:1,render
FNDA:0,onPress
DA:1,1
DA:2,30
DA:4,1
DA:7,1
DA:8,1
DA:10,0
DA:16,1
LF:7
LH:6
BRDA:2,0,0,0
BRDA:2,0,1,1
BRDA:2,1,0,0
BRDA:2,1,1,1
BRDA:2,2,0,1
BRDA:2,2,1,1
BRDA:2,3,0,0
BRDA:2,3,1,1
BRDA:2,4,0,1
BRDA:2,4,1,1
BRDA:2,4,2,0
BRDA:2,5,0,0
BRDA:2,5,1,1
BRDA:2,6,0,1
BRDA:2,6,1,1
BRDA:2,7,0,1
BRDA:2,7,1,1
BRDA:2,8,0,30
BRDA:2,8,1,0
BRDA:2,9,0,30
BRDA:2,9,1,0
BRDA:2,10,0,0
BRDA:2,10,1,30
BRDA:2,11,0,30
BRDA:2,11,1,30
BRDA:2,11,2,30
BRDA:2,12,0,1
BRDA:2,12,1,0
BRDA:2,13,0,0
BRDA:2,13,1,1
BRDA:2,14,0,1
BRDA:2,14,1,1
BRDA:2,15,0,1
BRDA:2,15,1,0
BRDA:2,16,0,1
BRDA:2,16,1,0
BRDA:2,17,0,0
BRDA:2,17,1,1
BRDA:2,18,0,0
BRDA:2,18,1,1
BRDA:2,19,0,1
BRDA:2,19,1,0
BRDA:2,19,2,0
BRDA:2,20,0,0
BRDA:2,20,1,1
BRDA:2,21,0,1
BRDA:2,21,1,0
BRDA:2,22,0,0
BRDA:2,22,1,0
BRDA:2,23,0,0
BRDA:2,23,1,1
BRDA:2,24,0,1
BRDA:2,24,1,0
BRDA:2,25,0,1
BRDA:2,25,1,1
BRDA:2,26,0,1
BRDA:2,26,1,0
BRDA:2,27,0,1
BRDA:2,27,1,0
BRF:59
BRH:35
end_of_record
TN:
SF:D:\Project\app\views\authenticationFlow\registrationScreen\registerScreen5\styles.js
FNF:0
FNH:0
DA:1,0
DA:2,0
DA:5,0
DA:79,0
LF:4
LH:0
BRF:0
BRH:0
end_of_record
TN:
SF:D:\Project\app\views\authenticationFlow\registrationScreen\registerSettingScreen\registerSettingsScreen.js
FN:3,_interopRequireDefault
FN:5,RegisterSettings
FNF:2
FNH:2
FNDA:6,_interopRequireDefault
FNDA:1,RegisterSettings
DA:1,3
DA:2,3
DA:3,6
DA:6,1
LF:4
LH:4
BRDA:3,0,0,3
BRDA:3,0,1,3
BRDA:3,1,0,6
BRDA:3,1,1,6
BRF:4
BRH:4
end_of_record
TN:
SF:D:\Project\app\views\authenticationFlow\registrationScreen\registerSettingScreen\styles.js
FNF:0
FNH:0
DA:1,3
DA:2,3
DA:4,3
DA:78,3
LF:4
LH:4
BRF:0
BRH:0
end_of_record
TN:
SF:D:\Project\app\views\splashScreen\splashScreen.js
FN:6,_interopRequireDefault
FN:6,_getRequireWildcardCache
FN:6,_getRequireWildcardCache
FN:6,_interopRequireWildcard
FN:6,_classCallCheck
FN:6,_defineProperties
FN:6,_createClass
FN:6,_possibleConstructorReturn
FN:6,_assertThisInitialized
FN:6,_getPrototypeOf
FN:6,_getPrototypeOf
FN:6,_inherits
FN:6,_setPrototypeOf
FN:6,_setPrototypeOf
FN:8,(anonymous_14)
FN:9,SplashScreen
FN:14,_callee
FN:14,_callee$
FN:17,(anonymous_18)
FN:19,render
FNF:20
FNH:0
FNDA:0,_interopRequireDefault
FNDA:0,_getRequireWildcardCache
FNDA:0,_getRequireWildcardCache
FNDA:0,_interopRequireWildcard
FNDA:0,_classCallCheck
FNDA:0,_defineProperties
FNDA:0,_createClass
FNDA:0,_possibleConstructorReturn
FNDA:0,_assertThisInitialized
FNDA:0,_getPrototypeOf
FNDA:0,_getPrototypeOf
FNDA:0,_inherits
FNDA:0,_setPrototypeOf
FNDA:0,_setPrototypeOf
FNDA:0,(anonymous_14)
FNDA:0,SplashScreen
FNDA:0,_callee
FNDA:0,_callee$
FNDA:0,(anonymous_18)
FNDA:0,render
DA:1,0
DA:2,0
DA:3,0
DA:4,0
DA:5,0
DA:6,0
DA:8,0
DA:9,0
DA:10,0
DA:14,0
DA:15,0
DA:16,0
DA:17,0
DA:18,0
DA:19,0
DA:25,0
DA:34,0
DA:37,0
LF:18
LH:0
BRDA:6,0,0,0
BRDA:6,0,1,0
BRDA:6,1,0,0
BRDA:6,1,1,0
BRDA:6,2,0,0
BRDA:6,2,1,0
BRDA:6,3,0,0
BRDA:6,3,1,0
BRDA:6,4,0,0
BRDA:6,4,1,0
BRDA:6,5,0,0
BRDA:6,5,1,0
BRDA:6,6,0,0
BRDA:6,6,1,0
BRDA:6,6,2,0
BRDA:6,7,0,0
BRDA:6,7,1,0
BRDA:6,8,0,0
BRDA:6,8,1,0
BRDA:6,9,0,0
BRDA:6,9,1,0
BRDA:6,10,0,0
BRDA:6,10,1,0
BRDA:6,11,0,0
BRDA:6,11,1,0
BRDA:6,12,0,0
BRDA:6,12,1,0
BRDA:6,13,0,0
BRDA:6,13,1,0
BRDA:6,13,2,0
BRDA:6,14,0,0
BRDA:6,14,1,0
BRDA:6,15,0,0
BRDA:6,15,1,0
BRDA:6,16,0,0
BRDA:6,16,1,0
BRDA:6,17,0,0
BRDA:6,17,1,0
BRDA:6,18,0,0
BRDA:6,18,1,0
BRDA:6,19,0,0
BRDA:6,19,1,0
BRDA:6,20,0,0
BRDA:6,20,1,0
BRDA:6,21,0,0
BRDA:6,21,1,0
BRDA:6,21,2,0
BRDA:6,22,0,0
BRDA:6,22,1,0
BRDA:6,23,0,0
BRDA:6,23,1,0
BRDA:6,24,0,0
BRDA:6,24,1,0
BRDA:6,25,0,0
BRDA:6,25,1,0
BRDA:6,26,0,0
BRDA:6,26,1,0
BRDA:6,27,0,0
BRDA:6,27,1,0
BRDA:6,28,0,0
BRDA:6,28,1,0
BRDA:6,29,0,0
BRDA:6,29,1,0
BRDA:14,30,0,0
BRDA:14,30,1,0
BRDA:14,30,2,0
BRDA:14,30,3,0
BRDA:18,31,0,0
BRDA:18,31,1,0
BRF:69
BRH:0
end_of_record
TN:
SF:D:\Project\app\views\splashScreen\styles.js
FNF:0
FNH:0
DA:1,0
DA:3,0
DA:11,0
LF:3
LH:0
BRF:0
BRH:0
end_of_record
