TN:
SF:D:\Project\app\components\chooseComponent\index.js
FN:3,_interopRequireDefault
FN:5,ChoosePlan
FNF:2
FNH:2
FNDA:8,_interopRequireDefault
FNDA:12,ChoosePlan
DA:1,4
DA:2,4
DA:3,8
DA:5,4
DA:6,12
DA:14,4
LF:6
LH:6
BRDA:3,0,0,4
BRDA:3,0,1,4
BRDA:3,1,0,8
BRDA:3,1,1,8
BRF:4
BRH:4
end_of_record
TN:
SF:D:\Project\app\components\chooseComponent\styles.js
FNF:0
FNH:0
DA:1,4
DA:2,4
DA:4,4
DA:29,4
LF:4
LH:4
BRF:0
BRH:0
end_of_record
TN:
SF:D:\Project\app\components\firstButtons\index.js
FN:3,_interopRequireDefault
FN:5,FirstButtons
FN:7,onPress
FNF:3
FNH:2
FNDA:4,_interopRequireDefault
FNDA:1,FirstButtons
FNDA:0,onPress
DA:1,2
DA:2,2
DA:3,4
DA:5,2
DA:6,1
DA:7,0
DA:11,2
LF:7
LH:6
BRDA:3,0,0,2
BRDA:3,0,1,2
BRDA:3,1,0,4
BRDA:3,1,1,4
BRF:4
BRH:4
end_of_record
TN:
SF:D:\Project\app\components\firstButtons\styles.js
FNF:0
FNH:0
DA:1,2
DA:2,2
DA:4,2
DA:15,2
LF:4
LH:4
BRF:0
BRH:0
end_of_record
TN:
SF:D:\Project\app\components\header\index.js
FN:3,_interopRequireDefault
FN:5,Header
FNF:2
FNH:1
FNDA:4,_interopRequireDefault
FNDA:0,Header
DA:1,4
DA:2,4
DA:3,4
DA:5,4
DA:6,0
DA:13,4
LF:6
LH:5
BRDA:3,0,0,0
BRDA:3,0,1,4
BRDA:3,1,0,4
BRDA:3,1,1,4
BRF:4
BRH:3
end_of_record
TN:
SF:D:\Project\app\components\header\styles.js
FNF:0
FNH:0
DA:1,4
DA:2,4
DA:5,4
DA:22,4
LF:4
LH:4
BRF:0
BRH:0
end_of_record
TN:
SF:D:\Project\app\components\iconComponent\index.js
FN:2,_interopRequireDefault
FN:4,IconComponent
FNF:2
FNH:1
FNDA:2,_interopRequireDefault
FNDA:0,IconComponent
DA:1,1
DA:2,2
DA:4,1
DA:5,0
DA:8,1
LF:5
LH:4
BRDA:2,0,0,1
BRDA:2,0,1,1
BRDA:2,1,0,2
BRDA:2,1,1,2
BRF:4
BRH:4
end_of_record
TN:
SF:D:\Project\app\components\iconComponent\style.js
FNF:0
FNH:0
DA:1,0
DA:3,0
DA:12,0
LF:3
LH:0
BRF:0
BRH:0
end_of_record
TN:
SF:D:\Project\app\components\itemComponent\index.js
FN:3,_interopRequireDefault
FN:5,ItemComponent
FNF:2
FNH:1
FNDA:2,_interopRequireDefault
FNDA:0,ItemComponent
DA:1,1
DA:2,1
DA:3,2
DA:5,1
DA:6,0
DA:20,1
LF:6
LH:5
BRDA:3,0,0,1
BRDA:3,0,1,1
BRDA:3,1,0,2
BRDA:3,1,1,2
BRF:4
BRH:4
end_of_record
TN:
SF:D:\Project\app\components\itemComponent\style.js
FNF:0
FNH:0
DA:1,1
DA:2,1
DA:4,1
DA:43,1
LF:4
LH:4
BRF:0
BRH:0
end_of_record
TN:
SF:D:\Project\app\components\loader\index.js
FN:3,_interopRequireDefault
FN:5,Loader
FNF:2
FNH:2
FNDA:2,_interopRequireDefault
FNDA:1,Loader
DA:1,2
DA:2,2
DA:3,2
DA:6,1
DA:8,1
DA:13,1
LF:6
LH:6
BRDA:3,0,0,0
BRDA:3,0,1,2
BRDA:3,1,0,2
BRDA:3,1,1,2
BRF:4
BRH:3
end_of_record
TN:
SF:D:\Project\app\components\loader\styles.js
FNF:0
FNH:0
LF:0
LH:0
BRF:0
BRH:0
end_of_record
TN:
SF:D:\Project\app\components\nextButton\index.js
FN:3,_interopRequireDefault
FN:5,NextButton
FNF:2
FNH:2
FNDA:14,_interopRequireDefault
FNDA:1,NextButton
DA:1,7
DA:2,7
DA:3,14
DA:5,7
DA:6,1
DA:14,7
LF:6
LH:6
BRDA:3,0,0,7
BRDA:3,0,1,7
BRDA:3,1,0,14
BRDA:3,1,1,14
BRF:4
BRH:4
end_of_record
TN:
SF:D:\Project\app\components\nextButton\styles.js
FNF:0
FNH:0
DA:1,7
DA:2,7
DA:5,7
DA:21,7
LF:4
LH:4
BRF:0
BRH:0
end_of_record
TN:
SF:D:\Project\app\components\sliderComponent\index.js
FN:3,_interopRequireDefault
FN:5,SliderComponent
FNF:2
FNH:1
FNDA:2,_interopRequireDefault
FNDA:0,SliderComponent
DA:1,1
DA:2,1
DA:3,2
DA:5,1
DA:6,0
DA:11,1
DA:13,1
LF:7
LH:6
BRDA:3,0,0,1
BRDA:3,0,1,1
BRDA:3,1,0,2
BRDA:3,1,1,2
BRF:4
BRH:4
end_of_record
TN:
SF:D:\Project\app\components\sliderComponent\style.js
FNF:0
FNH:0
DA:1,1
DA:3,1
DA:19,1
LF:3
LH:3
BRF:0
BRH:0
end_of_record
TN:
SF:D:\Project\app\services\constants\index.js
FNF:0
FNH:0
DA:1,12
DA:7,12
DA:9,12
DA:76,12
DA:78,12
DA:88,12
LF:6
LH:6
BRF:0
BRH:0
end_of_record
TN:
SF:D:\Project\app\views\appFlow\mainScreen\mainScreen.js
FN:8,_interopRequireDefault
FN:20,header
FN:36,menuItems
FN:39,(anonymous_3)
FN:50,MainScreen
FNF:5
FNH:5
FNDA:5,_interopRequireDefault
FNDA:4,header
FNDA:4,menuItems
FNDA:28,(anonymous_3)
FNDA:1,MainScreen
DA:1,1
DA:2,1
DA:3,1
DA:4,1
DA:5,1
DA:6,1
DA:7,1
DA:8,5
DA:10,1
DA:20,1
DA:21,4
DA:36,1
DA:37,4
DA:39,28
DA:40,28
DA:50,1
DA:51,1
DA:90,1
LF:18
LH:18
BRDA:8,0,0,4
BRDA:8,0,1,1
BRDA:8,1,0,5
BRDA:8,1,1,5
BRF:4
BRH:4
end_of_record
TN:
SF:D:\Project\app\views\appFlow\mainScreen\style.js
FNF:0
FNH:0
DA:1,1
DA:2,1
DA:4,1
DA:71,1
LF:4
LH:4
BRF:0
BRH:0
end_of_record
TN:
SF:D:\Project\app\views\appFlow\profileScreen\profile.js
FN:5,_interopRequireDefault
FN:7,items
FN:25,ProfileScreen
FNF:3
FNH:3
FNDA:3,_interopRequireDefault
FNDA:19,items
FNDA:1,ProfileScreen
DA:1,1
DA:2,1
DA:3,1
DA:4,1
DA:5,3
DA:7,1
DA:8,19
DA:25,1
DA:27,1
DA:77,1
LF:10
LH:10
BRDA:5,0,0,2
BRDA:5,0,1,1
BRDA:5,1,0,3
BRDA:5,1,1,3
BRF:4
BRH:4
end_of_record
TN:
SF:D:\Project\app\views\appFlow\profileScreen\style.js
FNF:0
FNH:0
DA:1,1
DA:2,1
DA:4,1
DA:73,1
LF:4
LH:4
BRF:0
BRH:0
end_of_record
TN:
SF:D:\Project\app\views\appFlow\reportScreen\reportScreen.js
FN:4,_interopRequireDefault
FN:6,settings
FN:23,report
FN:44,items
FN:59,ReportScreen
FNF:5
FNH:5
FNDA:2,_interopRequireDefault
FNDA:3,settings
FNDA:1,report
FNDA:3,items
FNDA:1,ReportScreen
DA:1,1
DA:2,1
DA:3,1
DA:4,2
DA:6,1
DA:7,3
DA:23,1
DA:24,1
DA:44,1
DA:45,3
DA:59,1
DA:61,1
DA:98,1
LF:13
LH:13
BRDA:4,0,0,1
BRDA:4,0,1,1
BRDA:4,1,0,2
BRDA:4,1,1,2
BRF:4
BRH:4
end_of_record
TN:
SF:D:\Project\app\views\appFlow\reportScreen\style.js
FNF:0
FNH:0
DA:1,1
DA:2,1
DA:4,1
DA:91,1
LF:4
LH:4
BRF:0
BRH:0
end_of_record
TN:
SF:D:\Project\app\views\authenticationFlow\registrationScreen\registerScreen\registerScreen.js
FN:8,_interopRequireDefault
FN:8,_getRequireWildcardCache
FN:8,_getRequireWildcardCache
FN:8,_interopRequireWildcard
FN:8,_slicedToArray
FN:8,_nonIterableRest
FN:8,_iterableToArrayLimit
FN:8,_arrayWithHoles
FN:10,RegisterScree
FN:16,saveData
FN:16,saveData$
FNF:11
FNH:0
FNDA:0,_interopRequireDefault
FNDA:0,_getRequireWildcardCache
FNDA:0,_getRequireWildcardCache
FNDA:0,_interopRequireWildcard
FNDA:0,_slicedToArray
FNDA:0,_nonIterableRest
FNDA:0,_iterableToArrayLimit
FNDA:0,_arrayWithHoles
FNDA:0,RegisterScree
FNDA:0,saveData
FNDA:0,saveData$
DA:1,0
DA:2,0
DA:3,0
DA:4,0
DA:6,0
DA:7,0
DA:8,0
DA:10,0
DA:12,0
DA:13,0
DA:14,0
DA:16,0
DA:17,0
DA:20,0
DA:22,0
DA:23,0
DA:25,0
DA:27,0
DA:30,0
DA:34,0
LF:20
LH:0
BRDA:8,0,0,0
BRDA:8,0,1,0
BRDA:8,1,0,0
BRDA:8,1,1,0
BRDA:8,2,0,0
BRDA:8,2,1,0
BRDA:8,3,0,0
BRDA:8,3,1,0
BRDA:8,4,0,0
BRDA:8,4,1,0
BRDA:8,5,0,0
BRDA:8,5,1,0
BRDA:8,6,0,0
BRDA:8,6,1,0
BRDA:8,6,2,0
BRDA:8,7,0,0
BRDA:8,7,1,0
BRDA:8,8,0,0
BRDA:8,8,1,0
BRDA:8,9,0,0
BRDA:8,9,1,0
BRDA:8,10,0,0
BRDA:8,10,1,0
BRDA:8,11,0,0
BRDA:8,11,1,0
BRDA:8,12,0,0
BRDA:8,12,1,0
BRDA:8,13,0,0
BRDA:8,13,1,0
BRDA:8,13,2,0
BRDA:8,14,0,0
BRDA:8,14,1,0
BRDA:8,15,0,0
BRDA:8,15,1,0
BRDA:8,15,2,0
BRDA:8,16,0,0
BRDA:8,16,1,0
BRDA:8,17,0,0
BRDA:8,17,1,0
BRDA:8,18,0,0
BRDA:8,18,1,0
BRDA:8,19,0,0
BRDA:8,19,1,0
BRDA:8,20,0,0
BRDA:8,20,1,0
BRDA:8,21,0,0
BRDA:8,21,1,0
BRDA:8,22,0,0
BRDA:8,22,1,0
BRDA:8,23,0,0
BRDA:8,23,1,0
BRDA:8,24,0,0
BRDA:8,24,1,0
BRDA:8,25,0,0
BRDA:8,25,1,0
BRDA:16,26,0,0
BRDA:16,26,1,0
BRDA:16,26,2,0
BRDA:16,26,3,0
BRDA:16,26,4,0
BRDA:16,26,5,0
BRDA:16,26,6,0
BRDA:20,27,0,0
BRDA:20,27,1,0
BRDA:22,28,0,0
BRDA:22,28,1,0
BRDA:22,28,2,0
BRDA:22,29,0,0
BRDA:22,29,1,0
BRF:69
BRH:0
end_of_record
TN:
SF:D:\Project\app\views\authenticationFlow\registrationScreen\registerScreen\styles.js
FNF:0
FNH:0
DA:1,0
DA:2,0
DA:4,0
DA:49,0
LF:4
LH:0
BRF:0
BRH:0
end_of_record
TN:
SF:D:\Project\app\views\authenticationFlow\registrationScreen\registerScreen\components\index.js
FN:3,_interopRequireDefault
FN:5,textInputs
FN:9,onChangeText
FNF:3
FNH:0
FNDA:0,_interopRequireDefault
FNDA:0,textInputs
FNDA:0,onChangeText
DA:1,0
DA:2,0
DA:3,0
DA:5,0
DA:6,0
DA:9,0
DA:13,0
LF:7
LH:0
BRDA:3,0,0,0
BRDA:3,0,1,0
BRDA:3,1,0,0
BRDA:3,1,1,0
BRF:4
BRH:0
end_of_record
TN:
SF:D:\Project\app\views\authenticationFlow\registrationScreen\registerScreen1\registerScreen.js
FN:7,_interopRequireDefault
FN:9,RegistrationScreen1
FNF:2
FNH:2
FNDA:3,_interopRequireDefault
FNDA:1,RegistrationScreen1
DA:1,1
DA:2,1
DA:3,1
DA:4,1
DA:5,1
DA:6,1
DA:7,3
DA:9,1
DA:11,1
LF:9
LH:9
BRDA:7,0,0,2
BRDA:7,0,1,1
BRDA:7,1,0,3
BRDA:7,1,1,3
BRF:4
BRH:4
end_of_record
TN:
SF:D:\Project\app\views\authenticationFlow\registrationScreen\registerScreen1\styles.js
FNF:0
FNH:0
DA:1,2
DA:2,2
DA:4,2
DA:43,2
LF:4
LH:4
BRF:0
BRH:0
end_of_record
TN:
SF:D:\Project\app\views\authenticationFlow\registrationScreen\registerScreen1\components\index.js
FN:6,_interopRequireDefault
FN:8,PlanSettings
FN:10,goToNextActivity
FNF:3
FNH:2
FNDA:6,_interopRequireDefault
FNDA:2,PlanSettings
FNDA:0,goToNextActivity
DA:1,2
DA:2,2
DA:3,2
DA:4,2
DA:5,2
DA:6,6
DA:8,2
DA:10,2
DA:11,0
DA:13,2
DA:23,2
LF:11
LH:10
BRDA:6,0,0,4
BRDA:6,0,1,2
BRDA:6,1,0,6
BRDA:6,1,1,6
BRF:4
BRH:4
end_of_record
TN:
SF:D:\Project\app\views\authenticationFlow\registrationScreen\registerScreen2\registerScreen2.js
FN:8,_interopRequireDefault
FN:8,_getRequireWildcardCache
FN:8,_getRequireWildcardCache
FN:8,_interopRequireWildcard
FN:8,_slicedToArray
FN:8,_nonIterableRest
FN:8,_iterableToArrayLimit
FN:8,_arrayWithHoles
FN:10,RegisterScreen2
FN:15,goToNextActivity
FNF:10
FNH:6
FNDA:3,_interopRequireDefault
FNDA:1,_getRequireWildcardCache
FNDA:0,_getRequireWildcardCache
FNDA:1,_interopRequireWildcard
FNDA:1,_slicedToArray
FNDA:0,_nonIterableRest
FNDA:0,_iterableToArrayLimit
FNDA:1,_arrayWithHoles
FNDA:1,RegisterScreen2
FNDA:0,goToNextActivity
DA:1,1
DA:2,1
DA:3,1
DA:4,1
DA:5,1
DA:6,1
DA:7,1
DA:8,30
DA:10,1
DA:12,1
DA:13,1
DA:15,1
DA:16,0
DA:19,1
LF:14
LH:13
BRDA:8,0,0,3
BRDA:8,0,1,0
BRDA:8,1,0,3
BRDA:8,1,1,3
BRDA:8,2,0,0
BRDA:8,2,1,1
BRDA:8,3,0,0
BRDA:8,3,1,1
BRDA:8,4,0,1
BRDA:8,4,1,1
BRDA:8,5,0,0
BRDA:8,5,1,1
BRDA:8,6,0,1
BRDA:8,6,1,1
BRDA:8,6,2,0
BRDA:8,7,0,0
BRDA:8,7,1,1
BRDA:8,8,0,1
BRDA:8,8,1,1
BRDA:8,9,0,1
BRDA:8,9,1,1
BRDA:8,10,0,30
BRDA:8,10,1,0
BRDA:8,11,0,30
BRDA:8,11,1,0
BRDA:8,12,0,0
BRDA:8,12,1,30
BRDA:8,13,0,30
BRDA:8,13,1,30
BRDA:8,13,2,30
BRDA:8,14,0,1
BRDA:8,14,1,0
BRDA:8,15,0,1
BRDA:8,15,1,0
BRDA:8,15,2,0
BRDA:8,16,0,0
BRDA:8,16,1,0
BRDA:8,17,0,0
BRDA:8,17,1,0
BRDA:8,18,0,0
BRDA:8,18,1,0
BRDA:8,19,0,0
BRDA:8,19,1,0
BRDA:8,20,0,0
BRDA:8,20,1,0
BRDA:8,21,0,0
BRDA:8,21,1,0
BRDA:8,22,0,0
BRDA:8,22,1,0
BRDA:8,23,0,0
BRDA:8,23,1,0
BRDA:8,24,0,0
BRDA:8,24,1,0
BRDA:8,25,0,1
BRDA:8,25,1,0
BRF:55
BRH:24
end_of_record
TN:
SF:D:\Project\app\views\authenticationFlow\registrationScreen\registerScreen2\styles.js
FNF:0
FNH:0
DA:1,1
DA:2,1
DA:5,1
DA:55,1
LF:4
LH:4
BRF:0
BRH:0
end_of_record
TN:
SF:D:\Project\app\views\authenticationFlow\registrationScreen\registerScreen3\registerScreen3.js
FN:8,_interopRequireDefault
FN:8,_getRequireWildcardCache
FN:8,_getRequireWildcardCache
FN:8,_interopRequireWildcard
FN:8,_slicedToArray
FN:8,_nonIterableRest
FN:8,_iterableToArrayLimit
FN:8,_arrayWithHoles
FN:10,RegisterScreen3
FN:15,goToNextActivity
FNF:10
FNH:6
FNDA:3,_interopRequireDefault
FNDA:1,_getRequireWildcardCache
FNDA:0,_getRequireWildcardCache
FNDA:1,_interopRequireWildcard
FNDA:1,_slicedToArray
FNDA:0,_nonIterableRest
FNDA:0,_iterableToArrayLimit
FNDA:1,_arrayWithHoles
FNDA:1,RegisterScreen3
FNDA:0,goToNextActivity
DA:1,1
DA:2,1
DA:3,1
DA:4,1
DA:5,1
DA:6,1
DA:7,1
DA:8,30
DA:10,1
DA:12,1
DA:13,1
DA:15,1
DA:16,0
DA:19,1
LF:14
LH:13
BRDA:8,0,0,3
BRDA:8,0,1,0
BRDA:8,1,0,3
BRDA:8,1,1,3
BRDA:8,2,0,0
BRDA:8,2,1,1
BRDA:8,3,0,0
BRDA:8,3,1,1
BRDA:8,4,0,1
BRDA:8,4,1,1
BRDA:8,5,0,0
BRDA:8,5,1,1
BRDA:8,6,0,1
BRDA:8,6,1,1
BRDA:8,6,2,0
BRDA:8,7,0,0
BRDA:8,7,1,1
BRDA:8,8,0,1
BRDA:8,8,1,1
BRDA:8,9,0,1
BRDA:8,9,1,1
BRDA:8,10,0,30
BRDA:8,10,1,0
BRDA:8,11,0,30
BRDA:8,11,1,0
BRDA:8,12,0,0
BRDA:8,12,1,30
BRDA:8,13,0,30
BRDA:8,13,1,30
BRDA:8,13,2,30
BRDA:8,14,0,1
BRDA:8,14,1,0
BRDA:8,15,0,1
BRDA:8,15,1,0
BRDA:8,15,2,0
BRDA:8,16,0,0
BRDA:8,16,1,0
BRDA:8,17,0,0
BRDA:8,17,1,0
BRDA:8,18,0,0
BRDA:8,18,1,0
BRDA:8,19,0,0
BRDA:8,19,1,0
BRDA:8,20,0,0
BRDA:8,20,1,0
BRDA:8,21,0,0
BRDA:8,21,1,0
BRDA:8,22,0,0
BRDA:8,22,1,0
BRDA:8,23,0,0
BRDA:8,23,1,0
BRDA:8,24,0,0
BRDA:8,24,1,0
BRDA:8,25,0,1
BRDA:8,25,1,0
BRF:55
BRH:24
end_of_record
TN:
SF:D:\Project\app\views\authenticationFlow\registrationScreen\registerScreen3\styles.js
FNF:0
FNH:0
DA:1,1
DA:2,1
DA:5,1
DA:60,1
LF:4
LH:4
BRF:0
BRH:0
end_of_record
TN:
SF:D:\Project\app\views\authenticationFlow\registrationScreen\registerScreen4\registerScreen4.js
FN:7,_interopRequireDefault
FN:9,RegisterScreen4
FNF:2
FNH:2
FNDA:3,_interopRequireDefault
FNDA:1,RegisterScreen4
DA:1,1
DA:2,1
DA:3,1
DA:4,1
DA:5,1
DA:6,1
DA:7,3
DA:9,1
DA:11,1
LF:9
LH:9
BRDA:7,0,0,2
BRDA:7,0,1,1
BRDA:7,1,0,3
BRDA:7,1,1,3
BRF:4
BRH:4
end_of_record
TN:
SF:D:\Project\app\views\authenticationFlow\registrationScreen\registerScreen4\styles.js
FNF:0
FNH:0
DA:1,2
DA:2,2
DA:5,2
DA:61,2
LF:4
LH:4
BRF:0
BRH:0
end_of_record
TN:
SF:D:\Project\app\views\authenticationFlow\registrationScreen\registerScreen4\components\index.js
FN:6,_interopRequireDefault
FN:8,PlanSettings
FN:10,goToNextActivity
FNF:3
FNH:2
FNDA:6,_interopRequireDefault
FNDA:2,PlanSettings
FNDA:0,goToNextActivity
DA:1,2
DA:2,2
DA:3,2
DA:4,2
DA:5,2
DA:6,6
DA:8,2
DA:10,2
DA:11,0
DA:13,2
DA:23,2
LF:11
LH:10
BRDA:6,0,0,4
BRDA:6,0,1,2
BRDA:6,1,0,6
BRDA:6,1,1,6
BRF:4
BRH:4
end_of_record
TN:
SF:D:\Project\app\views\authenticationFlow\registrationScreen\registrationScreen\registrationScreen.js
FN:6,_interopRequireDefault
FN:8,RegistrationScreen
FN:10,goToAuthorizationScreen
FN:14,_signInAsync
FN:14,_signInAsync$
FNF:5
FNH:2
FNDA:2,_interopRequireDefault
FNDA:1,RegistrationScreen
FNDA:0,goToAuthorizationScreen
FNDA:0,_signInAsync
FNDA:0,_signInAsync$
DA:1,1
DA:2,1
DA:3,1
DA:4,1
DA:5,1
DA:6,2
DA:8,1
DA:10,1
DA:11,0
DA:14,1
DA:15,0
DA:18,1
LF:12
LH:10
BRDA:6,0,0,1
BRDA:6,0,1,1
BRDA:6,1,0,2
BRDA:6,1,1,2
BRDA:14,2,0,0
BRDA:14,2,1,0
BRDA:14,2,2,0
BRF:7
BRH:4
end_of_record
TN:
SF:D:\Project\app\views\authenticationFlow\registrationScreen\registrationScreen\styles.js
FNF:0
FNH:0
DA:1,1
DA:2,1
DA:4,1
DA:32,1
LF:4
LH:4
BRF:0
BRH:0
end_of_record
TN:
SF:D:\Project\app\views\authenticationFlow\registrationScreen\signUp\signUp.js
FN:8,_interopRequireDefault
FN:8,_getRequireWildcardCache
FN:8,_getRequireWildcardCache
FN:8,_interopRequireWildcard
FN:8,_slicedToArray
FN:8,_nonIterableRest
FN:8,_iterableToArrayLimit
FN:8,_arrayWithHoles
FN:10,SignUp
FN:15,showData
FN:15,showData$
FNF:11
FNH:0
FNDA:0,_interopRequireDefault
FNDA:0,_getRequireWildcardCache
FNDA:0,_getRequireWildcardCache
FNDA:0,_interopRequireWildcard
FNDA:0,_slicedToArray
FNDA:0,_nonIterableRest
FNDA:0,_iterableToArrayLimit
FNDA:0,_arrayWithHoles
FNDA:0,SignUp
FNDA:0,showData
FNDA:0,showData$
DA:1,0
DA:2,0
DA:3,0
DA:4,0
DA:5,0
DA:6,0
DA:8,0
DA:10,0
DA:12,0
DA:13,0
DA:15,0
DA:16,0
DA:17,0
DA:18,0
DA:19,0
DA:21,0
DA:25,0
DA:29,0
DA:30,0
DA:33,0
LF:20
LH:0
BRDA:8,0,0,0
BRDA:8,0,1,0
BRDA:8,1,0,0
BRDA:8,1,1,0
BRDA:8,2,0,0
BRDA:8,2,1,0
BRDA:8,3,0,0
BRDA:8,3,1,0
BRDA:8,4,0,0
BRDA:8,4,1,0
BRDA:8,5,0,0
BRDA:8,5,1,0
BRDA:8,6,0,0
BRDA:8,6,1,0
BRDA:8,6,2,0
BRDA:8,7,0,0
BRDA:8,7,1,0
BRDA:8,8,0,0
BRDA:8,8,1,0
BRDA:8,9,0,0
BRDA:8,9,1,0
BRDA:8,10,0,0
BRDA:8,10,1,0
BRDA:8,11,0,0
BRDA:8,11,1,0
BRDA:8,12,0,0
BRDA:8,12,1,0
BRDA:8,13,0,0
BRDA:8,13,1,0
BRDA:8,13,2,0
BRDA:8,14,0,0
BRDA:8,14,1,0
BRDA:8,15,0,0
BRDA:8,15,1,0
BRDA:8,15,2,0
BRDA:8,16,0,0
BRDA:8,16,1,0
BRDA:8,17,0,0
BRDA:8,17,1,0
BRDA:8,18,0,0
BRDA:8,18,1,0
BRDA:8,19,0,0
BRDA:8,19,1,0
BRDA:8,20,0,0
BRDA:8,20,1,0
BRDA:8,21,0,0
BRDA:8,21,1,0
BRDA:8,22,0,0
BRDA:8,22,1,0
BRDA:8,23,0,0
BRDA:8,23,1,0
BRDA:8,24,0,0
BRDA:8,24,1,0
BRDA:8,25,0,0
BRDA:8,25,1,0
BRDA:15,26,0,0
BRDA:15,26,1,0
BRDA:15,26,2,0
BRDA:15,26,3,0
BRDA:18,27,0,0
BRDA:18,27,1,0
BRDA:18,28,0,0
BRDA:18,28,1,0
BRDA:19,29,0,0
BRDA:19,29,1,0
BRDA:19,30,0,0
BRDA:19,30,1,0
BRF:67
BRH:0
end_of_record
TN:
SF:D:\Project\app\views\authenticationFlow\registrationScreen\signUp\style.js
FNF:0
FNH:0
DA:1,0
DA:2,0
DA:4,0
DA:38,0
LF:4
LH:0
BRF:0
BRH:0
end_of_record
TN:
SF:D:\Project\app\views\authenticationFlow\registrationScreen\signUp\component\index.js
FN:3,_interopRequireDefault
FN:5,TextInputs
FN:9,onChangeText
FNF:3
FNH:0
FNDA:0,_interopRequireDefault
FNDA:0,TextInputs
FNDA:0,onChangeText
DA:1,0
DA:2,0
DA:3,0
DA:5,0
DA:6,0
DA:9,0
DA:13,0
LF:7
LH:0
BRDA:3,0,0,0
BRDA:3,0,1,0
BRDA:3,1,0,0
BRDA:3,1,1,0
BRF:4
BRH:0
end_of_record
TN:
SF:D:\Project\app\views\authenticationFlow\test\test.js
FN:2,_getRequireWildcardCache
FN:2,_getRequireWildcardCache
FN:2,_interopRequireWildcard
FN:2,_classCallCheck
FN:2,_defineProperties
FN:2,_createClass
FN:2,_possibleConstructorReturn
FN:2,_assertThisInitialized
FN:2,_getPrototypeOf
FN:2,_getPrototypeOf
FN:2,_inherits
FN:2,_setPrototypeOf
FN:2,_setPrototypeOf
FN:4,Box
FN:17,usePulse
FN:20,pulse
FN:24,(anonymous_16)
FN:27,(anonymous_17)
FN:28,(anonymous_18)
FN:29,(anonymous_19)
FN:35,App
FN:50,(anonymous_21)
FN:50,Wrapper
FN:51,componentDidMount
FN:54,(anonymous_24)
FN:55,(anonymous_25)
FN:59,render
FNF:27
FNH:0
FNDA:0,_getRequireWildcardCache
FNDA:0,_getRequireWildcardCache
FNDA:0,_interopRequireWildcard
FNDA:0,_classCallCheck
FNDA:0,_defineProperties
FNDA:0,_createClass
FNDA:0,_possibleConstructorReturn
FNDA:0,_assertThisInitialized
FNDA:0,_getPrototypeOf
FNDA:0,_getPrototypeOf
FNDA:0,_inherits
FNDA:0,_setPrototypeOf
FNDA:0,_setPrototypeOf
FNDA:0,Box
FNDA:0,usePulse
FNDA:0,pulse
FNDA:0,(anonymous_16)
FNDA:0,(anonymous_17)
FNDA:0,(anonymous_18)
FNDA:0,(anonymous_19)
FNDA:0,App
FNDA:0,(anonymous_21)
FNDA:0,Wrapper
FNDA:0,componentDidMount
FNDA:0,(anonymous_24)
FNDA:0,(anonymous_25)
FNDA:0,render
DA:1,0
DA:2,0
DA:4,0
DA:17,0
DA:18,0
DA:20,0
DA:21,0
DA:24,0
DA:27,0
DA:28,0
DA:29,0
DA:32,0
DA:35,0
DA:36,0
DA:37,0
DA:39,0
DA:50,0
DA:51,0
DA:53,0
DA:54,0
DA:55,0
DA:62,0
DA:63,0
LF:23
LH:0
BRDA:2,0,0,0
BRDA:2,0,1,0
BRDA:2,1,0,0
BRDA:2,1,1,0
BRDA:2,2,0,0
BRDA:2,2,1,0
BRDA:2,3,0,0
BRDA:2,3,1,0
BRDA:2,4,0,0
BRDA:2,4,1,0
BRDA:2,4,2,0
BRDA:2,5,0,0
BRDA:2,5,1,0
BRDA:2,6,0,0
BRDA:2,6,1,0
BRDA:2,7,0,0
BRDA:2,7,1,0
BRDA:2,8,0,0
BRDA:2,8,1,0
BRDA:2,9,0,0
BRDA:2,9,1,0
BRDA:2,10,0,0
BRDA:2,10,1,0
BRDA:2,11,0,0
BRDA:2,11,1,0
BRDA:2,11,2,0
BRDA:2,12,0,0
BRDA:2,12,1,0
BRDA:2,13,0,0
BRDA:2,13,1,0
BRDA:2,14,0,0
BRDA:2,14,1,0
BRDA:2,15,0,0
BRDA:2,15,1,0
BRDA:2,16,0,0
BRDA:2,16,1,0
BRDA:2,17,0,0
BRDA:2,17,1,0
BRDA:2,18,0,0
BRDA:2,18,1,0
BRDA:2,19,0,0
BRDA:2,19,1,0
BRDA:2,19,2,0
BRDA:2,20,0,0
BRDA:2,20,1,0
BRDA:2,21,0,0
BRDA:2,21,1,0
BRDA:2,22,0,0
BRDA:2,22,1,0
BRDA:2,23,0,0
BRDA:2,23,1,0
BRDA:2,24,0,0
BRDA:2,24,1,0
BRDA:2,25,0,0
BRDA:2,25,1,0
BRDA:2,26,0,0
BRDA:2,26,1,0
BRDA:2,27,0,0
BRDA:2,27,1,0
BRDA:4,28,0,0
BRDA:4,28,1,0
BRDA:4,29,0,0
BRDA:4,29,1,0
BRDA:17,30,0,0
BRDA:17,30,1,0
BRDA:17,31,0,0
BRDA:17,31,1,0
BRF:67
BRH:0
end_of_record
TN:
SF:D:\Project\app\views\splashScreen\splashScreen.js
FN:5,_interopRequireDefault
FN:5,_getRequireWildcardCache
FN:5,_getRequireWildcardCache
FN:5,_interopRequireWildcard
FN:7,SplashScreen
FN:9,(anonymous_5)
FN:10,(anonymous_6)
FNF:7
FNH:4
FNDA:2,_interopRequireDefault
FNDA:1,_getRequireWildcardCache
FNDA:0,_getRequireWildcardCache
FNDA:1,_interopRequireWildcard
FNDA:1,SplashScreen
FNDA:0,(anonymous_5)
FNDA:0,(anonymous_6)
DA:1,1
DA:2,1
DA:3,1
DA:4,1
DA:5,30
DA:7,1
DA:9,1
DA:10,0
DA:13,1
LF:9
LH:8
BRDA:5,0,0,2
BRDA:5,0,1,0
BRDA:5,1,0,2
BRDA:5,1,1,2
BRDA:5,2,0,0
BRDA:5,2,1,1
BRDA:5,3,0,0
BRDA:5,3,1,1
BRDA:5,4,0,1
BRDA:5,4,1,1
BRDA:5,5,0,0
BRDA:5,5,1,1
BRDA:5,6,0,1
BRDA:5,6,1,1
BRDA:5,6,2,0
BRDA:5,7,0,0
BRDA:5,7,1,1
BRDA:5,8,0,1
BRDA:5,8,1,1
BRDA:5,9,0,1
BRDA:5,9,1,1
BRDA:5,10,0,30
BRDA:5,10,1,0
BRDA:5,11,0,30
BRDA:5,11,1,0
BRDA:5,12,0,0
BRDA:5,12,1,30
BRDA:5,13,0,30
BRDA:5,13,1,30
BRDA:5,13,2,30
BRDA:5,14,0,1
BRDA:5,14,1,0
BRF:32
BRH:22
end_of_record
TN:
SF:D:\Project\app\views\splashScreen\styles.js
FNF:0
FNH:0
DA:1,1
DA:3,1
DA:11,1
LF:3
LH:3
BRF:0
BRH:0
end_of_record
